= Control Plane =
Assessment:      Stalled
Target Version:  4.14.1 (from 4.14.0-rc.3)
Completion:      97% (32 operators updated, 1 updating, 0 waiting)
Duration:        1h59m (Est. Time Remaining: N/A; estimate duration was 1h24m)
Operator Status: 28 Healthy, 1 Unavailable, 4 Available but degraded

Control Plane Nodes
NAME                                        ASSESSMENT   PHASE     VERSION       EST   MESSAGE
ip-10-0-30-217.us-east-2.compute.internal   Outdated     Pending   4.14.0-rc.3   ?     
ip-10-0-53-40.us-east-2.compute.internal    Outdated     Pending   4.14.0-rc.3   ?     
ip-10-0-92-180.us-east-2.compute.internal   Outdated     Pending   4.14.0-rc.3   ?     

= Worker Upgrade =

WORKER POOL   ASSESSMENT   COMPLETION   STATUS
worker        Pending      0%           3 Total, 3 Available, 0 Progressing, 3 Outdated, 0 Draining, 0 Excluded, 0 Degraded

Worker Pool Nodes: worker
NAME                                        ASSESSMENT   PHASE     VERSION       EST   MESSAGE
ip-10-0-20-162.us-east-2.compute.internal   Outdated     Pending   4.14.0-rc.3   ?     
ip-10-0-4-159.us-east-2.compute.internal    Outdated     Pending   4.14.0-rc.3   ?     
ip-10-0-99-40.us-east-2.compute.internal    Outdated     Pending   4.14.0-rc.3   ?     

= Update Health =
SINCE     LEVEL     IMPACT             MESSAGE
58m18s    Error     API Availability   Cluster Operator kube-apiserver is degraded (NodeController_MasterNodesReady)
58m18s    Error     API Availability   Cluster Operator kube-controller-manager is degraded (NodeController_MasterNodesReady)
58m18s    Error     API Availability   Cluster Operator kube-scheduler is degraded (NodeController_MasterNodesReady)
58m38s    Error     API Availability   Cluster Operator etcd is degraded (EtcdEndpoints_ErrorUpdatingEtcdEndpoints::EtcdMembers_UnhealthyMembers::NodeController_MasterNodesReady)
1h0m17s   Error     API Availability   Cluster Operator control-plane-machine-set is unavailable (UnavailableReplicas)
now       Warning   Update Stalled     Cluster Version version is failing to proceed with the update (ClusterOperatorsDegraded)

Run with --details=health for additional description and links to related online documentation
