= Control Plane =
Assessment:      Progressing
Target Version:  4.15.0-ec.2 (from incomplete 4.14.1)
Completion:      3%
Duration:        1m29s (Est. Time Remaining: 1h25m)
Operator Status: 33 Healthy

Control Plane Nodes
NAME                                        ASSESSMENT   PHASE     VERSION   EST   MESSAGE
ip-10-0-30-217.us-east-2.compute.internal   Outdated     Pending   4.14.1    ?     
ip-10-0-53-40.us-east-2.compute.internal    Outdated     Pending   4.14.1    ?     
ip-10-0-92-180.us-east-2.compute.internal   Outdated     Pending   4.14.1    ?     

= Worker Upgrade =

WORKER POOL   ASSESSMENT   COMPLETION   STATUS
worker        Pending      0%           3 Total, 3 Available, 0 Progressing, 3 Outdated, 0 Draining, 0 Excluded, 0 Degraded

Worker Pool Nodes: worker
NAME                                        ASSESSMENT   PHASE     VERSION   EST   MESSAGE
ip-10-0-20-162.us-east-2.compute.internal   Outdated     Pending   4.14.1    ?     
ip-10-0-4-159.us-east-2.compute.internal    Outdated     Pending   4.14.1    ?     
ip-10-0-99-40.us-east-2.compute.internal    Outdated     Pending   4.14.1    ?     

= Update Health =
SINCE   LEVEL     IMPACT   MESSAGE
1m29s   Warning   None     Previous update to 4.14.1 never completed, last complete update was 4.14.0-rc.7

Run with --details=health for additional description and links to related online documentation
